Determining if the pthread_create exist failed with the following output:
Change Dir: /home/scanjee/cmu_db/proj1/sqlite-fall2017/CMakeFiles/CMakeTmp

Run Build Command:/usr/bin/make "cmTryCompileExec620529076/fast"
/usr/bin/make -f CMakeFiles/cmTryCompileExec620529076.dir/build.make CMakeFiles/cmTryCompileExec620529076.dir/build
make[1]: Entering directory `/home/scanjee/cmu_db/proj1/sqlite-fall2017/CMakeFiles/CMakeTmp'
/usr/bin/cmake -E cmake_progress_report /home/scanjee/cmu_db/proj1/sqlite-fall2017/CMakeFiles/CMakeTmp/CMakeFiles 1
Building C object CMakeFiles/cmTryCompileExec620529076.dir/CheckSymbolExists.c.o
/usr/bin/cc    -o CMakeFiles/cmTryCompileExec620529076.dir/CheckSymbolExists.c.o   -c /home/scanjee/cmu_db/proj1/sqlite-fall2017/CMakeFiles/CMakeTmp/CheckSymbolExists.c
Linking C executable cmTryCompileExec620529076
/usr/bin/cmake -E cmake_link_script CMakeFiles/cmTryCompileExec620529076.dir/link.txt --verbose=1
/usr/bin/cc       CMakeFiles/cmTryCompileExec620529076.dir/CheckSymbolExists.c.o  -o cmTryCompileExec620529076 -rdynamic 
CMakeFiles/cmTryCompileExec620529076.dir/CheckSymbolExists.c.o: In function `main':
CheckSymbolExists.c:(.text+0x16): undefined reference to `pthread_create'
collect2: error: ld returned 1 exit status
make[1]: Leaving directory `/home/scanjee/cmu_db/proj1/sqlite-fall2017/CMakeFiles/CMakeTmp'
make[1]: *** [cmTryCompileExec620529076] Error 1
make: *** [cmTryCompileExec620529076/fast] Error 2

File /home/scanjee/cmu_db/proj1/sqlite-fall2017/CMakeFiles/CMakeTmp/CheckSymbolExists.c:
/* */
#include <pthread.h>

int main(int argc, char** argv)
{
  (void)argv;
#ifndef pthread_create
  return ((int*)(&pthread_create))[argc];
#else
  (void)argc;
  return 0;
#endif
}

Determining if the function pthread_create exists in the pthreads failed with the following output:
Change Dir: /home/scanjee/cmu_db/proj1/sqlite-fall2017/CMakeFiles/CMakeTmp

Run Build Command:/usr/bin/make "cmTryCompileExec2054339490/fast"
/usr/bin/make -f CMakeFiles/cmTryCompileExec2054339490.dir/build.make CMakeFiles/cmTryCompileExec2054339490.dir/build
make[1]: Entering directory `/home/scanjee/cmu_db/proj1/sqlite-fall2017/CMakeFiles/CMakeTmp'
/usr/bin/cmake -E cmake_progress_report /home/scanjee/cmu_db/proj1/sqlite-fall2017/CMakeFiles/CMakeTmp/CMakeFiles 1
Building C object CMakeFiles/cmTryCompileExec2054339490.dir/CheckFunctionExists.c.o
/usr/bin/cc   -DCHECK_FUNCTION_EXISTS=pthread_create   -o CMakeFiles/cmTryCompileExec2054339490.dir/CheckFunctionExists.c.o   -c /usr/share/cmake-2.8/Modules/CheckFunctionExists.c
Linking C executable cmTryCompileExec2054339490
/usr/bin/cmake -E cmake_link_script CMakeFiles/cmTryCompileExec2054339490.dir/link.txt --verbose=1
/usr/bin/cc   -DCHECK_FUNCTION_EXISTS=pthread_create    CMakeFiles/cmTryCompileExec2054339490.dir/CheckFunctionExists.c.o  -o cmTryCompileExec2054339490 -rdynamic -lpthreads 
/usr/bin/ld: cannot find -lpthreads
collect2: error: ld returned 1 exit status
make[1]: Leaving directory `/home/scanjee/cmu_db/proj1/sqlite-fall2017/CMakeFiles/CMakeTmp'
make[1]: *** [cmTryCompileExec2054339490] Error 1
make: *** [cmTryCompileExec2054339490/fast] Error 2


