Determining if the pthread_create exist failed with the following output:
Change Dir: /home/scanjee/cmu_db/proj1/sqlite-fall2017/build/CMakeFiles/CMakeTmp

Run Build Command:/usr/bin/make "cmTryCompileExec3091857595/fast"
/usr/bin/make -f CMakeFiles/cmTryCompileExec3091857595.dir/build.make CMakeFiles/cmTryCompileExec3091857595.dir/build
make[1]: Entering directory `/home/scanjee/cmu_db/proj1/sqlite-fall2017/build/CMakeFiles/CMakeTmp'
/usr/bin/cmake -E cmake_progress_report /home/scanjee/cmu_db/proj1/sqlite-fall2017/build/CMakeFiles/CMakeTmp/CMakeFiles 1
Building C object CMakeFiles/cmTryCompileExec3091857595.dir/CheckSymbolExists.c.o
/usr/bin/cc    -o CMakeFiles/cmTryCompileExec3091857595.dir/CheckSymbolExists.c.o   -c /home/scanjee/cmu_db/proj1/sqlite-fall2017/build/CMakeFiles/CMakeTmp/CheckSymbolExists.c
Linking C executable cmTryCompileExec3091857595
/usr/bin/cmake -E cmake_link_script CMakeFiles/cmTryCompileExec3091857595.dir/link.txt --verbose=1
/usr/bin/cc       CMakeFiles/cmTryCompileExec3091857595.dir/CheckSymbolExists.c.o  -o cmTryCompileExec3091857595 -rdynamic 
CMakeFiles/cmTryCompileExec3091857595.dir/CheckSymbolExists.c.o: In function `main':
CheckSymbolExists.c:(.text+0x16): undefined reference to `pthread_create'
collect2: error: ld returned 1 exit status
make[1]: Leaving directory `/home/scanjee/cmu_db/proj1/sqlite-fall2017/build/CMakeFiles/CMakeTmp'
make[1]: *** [cmTryCompileExec3091857595] Error 1
make: *** [cmTryCompileExec3091857595/fast] Error 2

File /home/scanjee/cmu_db/proj1/sqlite-fall2017/build/CMakeFiles/CMakeTmp/CheckSymbolExists.c:
/* */
#include <pthread.h>

int main(int argc, char** argv)
{
  (void)argv;
#ifndef pthread_create
  return ((int*)(&pthread_create))[argc];
#else
  (void)argc;
  return 0;
#endif
}

Determining if the function pthread_create exists in the pthreads failed with the following output:
Change Dir: /home/scanjee/cmu_db/proj1/sqlite-fall2017/build/CMakeFiles/CMakeTmp

Run Build Command:/usr/bin/make "cmTryCompileExec1361261930/fast"
/usr/bin/make -f CMakeFiles/cmTryCompileExec1361261930.dir/build.make CMakeFiles/cmTryCompileExec1361261930.dir/build
make[1]: Entering directory `/home/scanjee/cmu_db/proj1/sqlite-fall2017/build/CMakeFiles/CMakeTmp'
/usr/bin/cmake -E cmake_progress_report /home/scanjee/cmu_db/proj1/sqlite-fall2017/build/CMakeFiles/CMakeTmp/CMakeFiles 1
Building C object CMakeFiles/cmTryCompileExec1361261930.dir/CheckFunctionExists.c.o
/usr/bin/cc   -DCHECK_FUNCTION_EXISTS=pthread_create   -o CMakeFiles/cmTryCompileExec1361261930.dir/CheckFunctionExists.c.o   -c /usr/share/cmake-2.8/Modules/CheckFunctionExists.c
Linking C executable cmTryCompileExec1361261930
/usr/bin/cmake -E cmake_link_script CMakeFiles/cmTryCompileExec1361261930.dir/link.txt --verbose=1
/usr/bin/cc   -DCHECK_FUNCTION_EXISTS=pthread_create    CMakeFiles/cmTryCompileExec1361261930.dir/CheckFunctionExists.c.o  -o cmTryCompileExec1361261930 -rdynamic -lpthreads 
/usr/bin/ld: cannot find -lpthreads
collect2: error: ld returned 1 exit status
make[1]: Leaving directory `/home/scanjee/cmu_db/proj1/sqlite-fall2017/build/CMakeFiles/CMakeTmp'
make[1]: *** [cmTryCompileExec1361261930] Error 1
make: *** [cmTryCompileExec1361261930/fast] Error 2


